<?xml version="1.0" encoding="UTF-8"?>
<!-- Generated by org.testng.reporters.JUnitXMLReporter -->
<testsuite hostname="WKWIN8899210" ignored="0" name="Test Demo" tests="1" failures="1" timestamp="2022-05-29T17:18:10 IST" time="15.601" errors="0">
  <testcase name="validateMovieReleaseDateAndCountry" time="0.112" classname="com.framework.qa.testcases.ValidateSearchPageTestCases">
    <failure type="java.lang.NullPointerException">
      <![CDATA[java.lang.NullPointerException
at java.util.Objects.requireNonNull(Objects.java:203)
at org.openqa.selenium.support.ui.FluentWait.<init>(FluentWait.java:115)
at org.openqa.selenium.support.ui.WebDriverWait.<init>(WebDriverWait.java:102)
at org.openqa.selenium.support.ui.WebDriverWait.<init>(WebDriverWait.java:45)
at com.framework.qa.basePage.BasePage.waitForPageLoad(BasePage.java:151)
at com.framework.qa.basePage.BasePage.verifyPageTitle(BasePage.java:156)
at com.framework.qa.pages.SearchPage.validateHeaderText(SearchPage.java:39)
at com.framework.qa.testcases.ValidateSearchPageTestCases.validateMovieReleaseDateAndCountry(ValidateSearchPageTestCases.java:16)
at java.util.ArrayList.forEach(ArrayList.java:1259)
... Removed 27 stack frames]]>
    </failure>
  </testcase> <!-- validateMovieReleaseDateAndCountry -->
</testsuite> <!-- Test Demo -->
